TN:
SF:source/index.js
FNF:0
FNH:0
DA:1,1
LF:1
LH:1
BRDA:1,0,0,7
BRF:1
BRH:1
end_of_record
TN:
SF:source/command/migrate.js
FN:16,importMigration
FNF:1
FNH:1
FNDA:4,importMigration
DA:1,1
DA:2,1
DA:3,1
DA:4,1
DA:5,1
DA:6,1
DA:7,1
DA:8,1
DA:9,1
DA:10,1
DA:11,1
DA:12,1
DA:13,1
DA:14,1
DA:15,0
DA:16,1
DA:17,4
DA:18,4
DA:19,4
DA:20,4
DA:21,4
DA:22,4
DA:23,4
DA:24,4
DA:25,4
DA:26,4
DA:27,1
DA:28,1
DA:29,1
DA:30,1
DA:31,1
DA:32,1
DA:33,1
DA:34,1
DA:35,1
DA:36,1
DA:37,1
DA:38,1
DA:39,1
DA:40,1
DA:41,1
DA:42,1
DA:43,1
DA:44,1
DA:45,1
DA:46,1
DA:47,1
DA:48,0
DA:49,0
DA:50,0
DA:51,0
DA:52,0
DA:53,0
DA:54,1
DA:55,1
DA:56,1
DA:57,1
DA:58,1
DA:59,1
DA:60,1
DA:61,1
DA:62,1
DA:63,1
DA:64,1
DA:65,1
DA:66,1
DA:67,0
DA:68,0
DA:69,0
DA:70,0
DA:71,0
DA:72,0
DA:73,1
DA:74,1
DA:75,1
DA:76,1
DA:77,1
DA:78,1
DA:79,1
DA:80,1
DA:81,1
DA:82,1
DA:83,1
DA:84,1
DA:85,1
DA:86,0
DA:87,0
DA:88,0
DA:89,0
DA:90,0
DA:91,0
DA:92,1
DA:93,1
DA:94,1
DA:95,1
DA:96,1
DA:97,1
DA:98,1
DA:99,1
DA:100,1
DA:101,1
DA:102,1
DA:103,1
DA:104,1
DA:105,0
DA:106,0
DA:107,0
DA:108,0
DA:109,0
DA:110,1
LF:110
LH:86
BRDA:110,0,0,4
BRDA:13,1,0,0
BRDA:14,2,0,0
BRDA:16,3,0,4
BRDA:22,4,0,0
BRDA:34,5,0,1
BRDA:41,6,0,0
BRDA:47,7,0,0
BRDA:58,8,0,1
BRDA:66,9,0,0
BRDA:75,10,0,1
BRDA:85,11,0,0
BRDA:94,12,0,1
BRDA:104,13,0,0
BRF:14
BRH:6
end_of_record
TN:
SF:source/library/migration.js
FN:13,Migration
FN:19,get path
FN:24,get name
FN:28,isInstalled
FN:33,install
FN:40,uninstall
FN:44,toString
FN:48,createMigration
FN:65,getMigration
FN:69,getMigrationFromPath
FN:88,importMigration
FN:98,installMigration
FN:112,uninstallMigration
FNF:13
FNH:13
FNDA:20,Migration
FNDA:1,get path
FNDA:1,get name
FNDA:20,isInstalled
FNDA:4,install
FNDA:4,uninstall
FNDA:70,toString
FNDA:2,createMigration
FNDA:10,getMigration
FNDA:30,getMigrationFromPath
FNDA:20,importMigration
FNDA:2,installMigration
FNDA:2,uninstallMigration
DA:1,1
DA:2,1
DA:3,1
DA:4,1
DA:5,1
DA:6,1
DA:7,1
DA:8,1
DA:9,1
DA:10,1
DA:11,1
DA:12,1
DA:13,1
DA:14,20
DA:15,20
DA:16,20
DA:17,1
DA:18,1
DA:19,1
DA:20,1
DA:21,1
DA:22,1
DA:23,1
DA:24,1
DA:25,1
DA:26,1
DA:27,1
DA:28,1
DA:29,20
DA:30,20
DA:31,20
DA:32,1
DA:33,1
DA:34,4
DA:35,4
DA:36,4
DA:37,4
DA:38,4
DA:39,1
DA:40,1
DA:41,4
DA:42,4
DA:43,1
DA:44,1
DA:45,70
DA:46,70
DA:47,1
DA:48,1
DA:49,2
DA:50,2
DA:51,2
DA:52,2
DA:53,2
DA:54,2
DA:55,2
DA:56,2
DA:57,2
DA:58,2
DA:59,2
DA:60,2
DA:61,2
DA:62,2
DA:63,2
DA:64,1
DA:65,1
DA:66,10
DA:67,10
DA:68,1
DA:69,1
DA:70,30
DA:71,30
DA:72,30
DA:73,30
DA:74,30
DA:75,30
DA:76,30
DA:77,30
DA:78,30
DA:79,30
DA:80,30
DA:81,30
DA:82,30
DA:83,30
DA:84,30
DA:85,30
DA:86,30
DA:87,1
DA:88,1
DA:89,20
DA:90,20
DA:91,20
DA:92,20
DA:93,20
DA:94,20
DA:95,20
DA:96,20
DA:97,1
DA:98,1
DA:99,2
DA:100,2
DA:101,4
DA:102,4
DA:103,0
DA:104,4
DA:105,4
DA:106,4
DA:107,4
DA:108,4
DA:109,2
DA:110,2
DA:111,1
DA:112,1
DA:113,2
DA:114,2
DA:115,4
DA:116,4
DA:117,4
DA:118,4
DA:119,4
DA:120,4
DA:121,2
DA:122,2
DA:123,1
DA:124,1
DA:125,1
DA:126,1
LF:126
LH:125
BRDA:126,0,0,7
BRDA:13,1,0,20
BRDA:19,2,0,1
BRDA:24,3,0,1
BRDA:28,4,0,20
BRDA:29,5,0,12
BRDA:33,6,0,4
BRDA:40,7,0,4
BRDA:44,8,0,70
BRDA:48,9,0,2
BRDA:65,10,0,10
BRDA:69,11,0,30
BRDA:75,12,0,106
BRDA:76,13,0,10
BRDA:79,14,0,106
BRDA:80,15,0,96
BRDA:80,16,0,96
BRDA:80,17,0,0
BRDA:81,18,0,40
BRDA:81,19,0,40
BRDA:81,20,0,0
BRDA:82,21,0,20
BRDA:88,22,0,20
BRDA:92,23,0,0
BRDA:98,24,0,2
BRDA:100,25,0,4
BRDA:102,26,0,0
BRDA:112,27,0,2
BRDA:114,28,0,4
BRF:29
BRH:25
end_of_record
